<?xml version="1.0" encoding="UTF-8"?><testsuite errors="0" failures="0" name="lab5.features.search.SearchByKeywordStory" skipped="1" tests="3" time="15.69" timestamp="2018-05-02T10:58:26.702+03:00[Europe/Bucharest]"><testcase classname="lab5.features.search.SearchByKeywordStory" name="Searching by keyword banana should display the corresponding article"/><testcase classname="lab5.features.search.SearchByKeywordStory" name="Searching by ambiguious keyword should display the disambiguation page"><skipped/></testcase><testcase classname="lab5.features.search.SearchByKeywordStory" name="Searching by keyword apple should display the corresponding article"/></testsuite>