<?xml version="1.0" encoding="UTF-8"?><testsuite errors="0" failures="0" name="lab5.features.search.SearchByKeywordStory" skipped="0" tests="4" time="30.05" timestamp="2018-05-03T10:34:36.902+03:00[Europe/Bucharest]"><testcase classname="lab5.features.search.SearchByKeywordStory" name="Searching by keyword dog should display the corresponding article"/><testcase classname="lab5.features.search.SearchByKeywordStory" name="Searching by keyword cat should display the corresponding article"/><testcase classname="lab5.features.search.SearchByKeywordStory" name="Searching by keyword banana should display the corresponding article"/><testcase classname="lab5.features.search.SearchByKeywordStory" name="Searching by keyword apple should display the corresponding article"/></testsuite>